
up to date, audited 1 package in 383ms

found 0 vulnerabilities

> build
> ../build-cpp.sh

#0 building with "default" instance using docker driver

#1 [internal] load build definition from Dockerfile
#1 transferring dockerfile: 702B done
#1 WARN: LegacyKeyValueFormat: "ENV key=value" should be used instead of legacy "ENV key value" format (line 3)
#1 WARN: LegacyKeyValueFormat: "ENV key=value" should be used instead of legacy "ENV key value" format (line 4)
#1 WARN: LegacyKeyValueFormat: "ENV key=value" should be used instead of legacy "ENV key value" format (line 5)
#1 DONE 0.0s

#2 [internal] load metadata for docker.io/emscripten/emsdk:latest
#2 DONE 0.0s

#3 [internal] load .dockerignore
#3 transferring context: 2B done
#3 DONE 0.0s

#4 [1/5] FROM docker.io/emscripten/emsdk:latest@sha256:9eed2e47b4206928b22f99d2917013ad5462d777bb24cb546a652729896badd8
#4 resolve docker.io/emscripten/emsdk:latest@sha256:9eed2e47b4206928b22f99d2917013ad5462d777bb24cb546a652729896badd8 0.0s done
#4 DONE 0.0s

#5 [3/5] RUN emcc -O3 -flto -std=c++17 -O3 -flto -s FILESYSTEM=0 -s PTHREAD_POOL_SIZE=navigator.hardwareConcurrency -s ALLOW_MEMORY_GROWTH=1 -s TEXTDECODER=2 -s NODEJS_CATCH_EXIT=0 -s NODEJS_CATCH_REJECTION=0  --bind -xc++ /dev/null -o /dev/null
#5 CACHED

#6 [4/5] RUN emcc -O3 -flto -std=c++17 -O3 -flto -s FILESYSTEM=0 -s PTHREAD_POOL_SIZE=navigator.hardwareConcurrency -s ALLOW_MEMORY_GROWTH=1 -s TEXTDECODER=2 -s NODEJS_CATCH_EXIT=0 -s NODEJS_CATCH_REJECTION=0  --bind -pthread -xc++ /dev/null -o /dev/null
#6 CACHED

#7 [2/5] RUN apt-get update && apt-get install -qqy autoconf libtool pkg-config
#7 CACHED

#8 [5/5] WORKDIR /src
#8 CACHED

#9 exporting to image
#9 exporting layers done
#9 exporting manifest sha256:abb50acd55f1a92fb320e252c47c55f529c23849792a2fad4f4ee9ded8d9b96e done
#9 exporting config sha256:955ce12492f48b26d35ba174fcf41414d25e8175db719a8fcfafc2c586793d6f
#9 exporting config sha256:955ce12492f48b26d35ba174fcf41414d25e8175db719a8fcfafc2c586793d6f done
#9 exporting attestation manifest sha256:845b52c85284a93e1ae462550cb0281bcd3c01d628b24a0ad52bda53d9376539 0.0s done
#9 exporting manifest list sha256:2afbfec694a6aa93110cc0a32196b856749cba312d4efca9f571c66e2253aa03 0.0s done
#9 naming to docker.io/library/squoosh-cpp:latest done
#9 unpacking to docker.io/library/squoosh-cpp:latest 0.0s done
#9 DONE 0.2s

 [33m3 warnings found (use docker --debug to expand):
[0m - LegacyKeyValueFormat: "ENV key=value" should be used instead of legacy "ENV key value" format (line 3)
 - LegacyKeyValueFormat: "ENV key=value" should be used instead of legacy "ENV key value" format (line 4)
 - LegacyKeyValueFormat: "ENV key=value" should be used instead of legacy "ENV key value" format (line 5)
emmake: "make -j2" in "/src"
mkdir -p node_modules/qoi
curl -sL https://github.com/phoboslab/qoi/archive/8d35d93cdca85d2868246c2a8a80a1e2c16ba2a8.tar.gz | tar xz --strip 1 -C node_modules/qoi
/emsdk/upstream/emscripten/em++ -c \
	-O3 -flto -std=c++17 \
	-I node_modules/qoi \
	-o enc/qoi_enc.o \
	enc/qoi_enc.cpp
/emsdk/upstream/emscripten/em++ -c \
	-O3 -flto -std=c++17 \
	-I node_modules/qoi \
	-o dec/qoi_dec.o \
	dec/qoi_dec.cpp
/emsdk/upstream/emscripten/emcc \
	-O3 -flto -s FILESYSTEM=0 -s PTHREAD_POOL_SIZE=navigator.hardwareConcurrency -s ALLOW_MEMORY_GROWTH=1 -s TEXTDECODER=2 -s NODEJS_CATCH_EXIT=0 -s NODEJS_CATCH_REJECTION=0  \
	--bind \
	-s ENVIRONMENT=worker \
	-s EXPORT_ES6=1 \
	-o enc/qoi_enc.js \
	enc/qoi_enc.o
/emsdk/upstream/emscripten/emcc \
	-O3 -flto -s FILESYSTEM=0 -s PTHREAD_POOL_SIZE=navigator.hardwareConcurrency -s ALLOW_MEMORY_GROWTH=1 -s TEXTDECODER=2 -s NODEJS_CATCH_EXIT=0 -s NODEJS_CATCH_REJECTION=0  \
	--bind \
	-s ENVIRONMENT=worker \
	-s EXPORT_ES6=1 \
	-o dec/qoi_dec.js \
	dec/qoi_dec.o
