
up to date, audited 1 package in 346ms

found 0 vulnerabilities

> build
> ../build-rust.sh

#0 building with "default" instance using docker driver

#1 [internal] load build definition from Dockerfile
#1 transferring dockerfile: 902B done
#1 DONE 0.0s

#2 [internal] load metadata for docker.io/emscripten/emsdk:latest
#2 DONE 0.0s

#3 [internal] load metadata for docker.io/library/rust:1.47
#3 DONE 0.8s

#4 [internal] load .dockerignore
#4 transferring context: 2B done
#4 DONE 0.0s

#5 [wasm-tools 1/3] FROM docker.io/emscripten/emsdk:latest@sha256:9eed2e47b4206928b22f99d2917013ad5462d777bb24cb546a652729896badd8
#5 resolve docker.io/emscripten/emsdk:latest@sha256:9eed2e47b4206928b22f99d2917013ad5462d777bb24cb546a652729896badd8 0.0s done
#5 DONE 0.0s

#6 [rust 1/8] FROM docker.io/library/rust:1.47@sha256:48f4b36c3f3492b82a5e14b2fc991d3163c1d2ce18ac1f0561e9657103192713
#6 resolve docker.io/library/rust:1.47@sha256:48f4b36c3f3492b82a5e14b2fc991d3163c1d2ce18ac1f0561e9657103192713 0.0s done
#6 DONE 0.0s

#7 [wasm-tools 2/3] WORKDIR /opt/wasm-tools
#7 CACHED

#8 [rust 4/8] COPY --from=wasm-tools /emsdk/upstream/bin/wasm-opt /emsdk/upstream/bin/clang /usr/local/bin/
#8 CACHED

#9 [rust 7/8] COPY --from=wasm-tools /opt/wasm-tools/wasm-pack /usr/local/cargo/bin/
#9 CACHED

#10 [rust 2/8] RUN rustup target add wasm32-unknown-unknown
#10 CACHED

#11 [rust 5/8] COPY --from=wasm-tools /emsdk/upstream/lib/ /usr/local/lib/
#11 CACHED

#12 [rust 6/8] COPY --from=wasm-tools /emsdk/upstream/emscripten/cache/sysroot/include/ /wasm32/include/
#12 CACHED

#13 [wasm-tools 3/3] RUN wget -qO- https://github.com/rustwasm/wasm-pack/releases/download/v0.12.1/wasm-pack-v0.12.1-x86_64-unknown-linux-musl.tar.gz | tar -xzf - --strip 1
#13 CACHED

#14 [rust 3/8] RUN case rust:1.47 in rustlang/rust@*) rustup component add rust-src; esac
#14 CACHED

#15 [rust 8/8] WORKDIR /src
#15 CACHED

#16 exporting to image
#16 exporting layers done
#16 exporting manifest sha256:ce76b4f31dc75f8f645e8571f6401c79df6af902610a9fc058d4223b71aea595 done
#16 exporting config sha256:8ab01017c1b50f922773a8dddbee2a75adde6d85ae43c037f78bcc99727ed621 done
#16 exporting attestation manifest sha256:d162c9f611ea2de3f323da5b78152797992f1bf4993b6065ece1954b6884d194 0.0s done
#16 exporting manifest list sha256:1a382e63da750bf555f0b027bf77dbb18516a9da793e3073e6d6892917b80a67
#16 exporting manifest list sha256:1a382e63da750bf555f0b027bf77dbb18516a9da793e3073e6d6892917b80a67 0.0s done
#16 naming to docker.io/library/squoosh-rust:latest done
#16 unpacking to docker.io/library/squoosh-rust:latest 0.0s done
#16 DONE 0.1s
[1m[2m[INFO][0m: Checking for the Wasm target...
[1m[2m[INFO][0m: Compiling to Wasm...
[0m[0m[1m[32m   Compiling[0m proc-macro2 v1.0.27
[0m[0m[1m[32m   Compiling[0m unicode-xid v0.2.1
[0m[0m[1m[32m     Running[0m `rustc --crate-name build_script_build --edition=2018 /usr/local/cargo/registry/src/github.com-1ecc6299db9ec823/proc-macro2-1.0.27/build.rs --error-format=json --json=diagnostic-rendered-ansi --crate-type bin --emit=dep-info,link -C embed-bitcode=no -C debug-assertions=off --cfg 'feature="default"' --cfg 'feature="proc-macro"' -C metadata=7edc40a0012e4cdb -C extra-filename=-7edc40a0012e4cdb --out-dir /src/target/release/build/proc-macro2-7edc40a0012e4cdb -L dependency=/src/target/release/deps --cap-lints allow`
[0m[0m[1m[32m     Running[0m `rustc --crate-name unicode_xid /usr/local/cargo/registry/src/github.com-1ecc6299db9ec823/unicode-xid-0.2.1/src/lib.rs --error-format=json --json=diagnostic-rendered-ansi,artifacts --crate-type lib --emit=dep-info,metadata,link -C embed-bitcode=no -C debug-assertions=off --cfg 'feature="default"' -C metadata=a06dfae64cf4d8b5 -C extra-filename=-a06dfae64cf4d8b5 --out-dir /src/target/release/deps -L dependency=/src/target/release/deps --cap-lints allow`
[0m[0m[1m[32m   Compiling[0m syn v1.0.72
[0m[0m[1m[32m     Running[0m `rustc --crate-name build_script_build --edition=2018 /usr/local/cargo/registry/src/github.com-1ecc6299db9ec823/syn-1.0.72/build.rs --error-format=json --json=diagnostic-rendered-ansi --crate-type bin --emit=dep-info,link -C embed-bitcode=no -C debug-assertions=off --cfg 'feature="clone-impls"' --cfg 'feature="default"' --cfg 'feature="derive"' --cfg 'feature="full"' --cfg 'feature="parsing"' --cfg 'feature="printing"' --cfg 'feature="proc-macro"' --cfg 'feature="quote"' --cfg 'feature="visit"' -C metadata=6915c02f5a2eb5bd -C extra-filename=-6915c02f5a2eb5bd --out-dir /src/target/release/build/syn-6915c02f5a2eb5bd -L dependency=/src/target/release/deps --cap-lints allow`
[0m[0m[1m[32m   Compiling[0m wasm-bindgen-shared v0.2.74
[0m[0m[1m[32m     Running[0m `rustc --crate-name build_script_build --edition=2018 /usr/local/cargo/registry/src/github.com-1ecc6299db9ec823/wasm-bindgen-shared-0.2.74/build.rs --error-format=json --json=diagnostic-rendered-ansi --crate-type bin --emit=dep-info,link -C embed-bitcode=no -C debug-assertions=off -C metadata=44885e99c879b334 -C extra-filename=-44885e99c879b334 --out-dir /src/target/release/build/wasm-bindgen-shared-44885e99c879b334 -L dependency=/src/target/release/deps --cap-lints allow`
[0m[0m[1m[32m   Compiling[0m log v0.4.8
[0m[0m[1m[32m     Running[0m `rustc --crate-name build_script_build /usr/local/cargo/registry/src/github.com-1ecc6299db9ec823/log-0.4.8/build.rs --error-format=json --json=diagnostic-rendered-ansi --crate-type bin --emit=dep-info,link -C embed-bitcode=no -C debug-assertions=off -C metadata=49ff11d66c796a90 -C extra-filename=-49ff11d66c796a90 --out-dir /src/target/release/build/log-49ff11d66c796a90 -L dependency=/src/target/release/deps --cap-lints allow`
[0m[0m[1m[32m   Compiling[0m cfg-if v0.1.10
[0m[0m[1m[32m     Running[0m `rustc --crate-name cfg_if --edition=2018 /usr/local/cargo/registry/src/github.com-1ecc6299db9ec823/cfg-if-0.1.10/src/lib.rs --error-format=json --json=diagnostic-rendered-ansi,artifacts --crate-type lib --emit=dep-info,metadata,link -C embed-bitcode=no -C debug-assertions=off -C metadata=4e06896827c844b3 -C extra-filename=-4e06896827c844b3 --out-dir /src/target/release/deps -L dependency=/src/target/release/deps --cap-lints allow`
[0m[0m[1m[32m   Compiling[0m lazy_static v1.4.0
[0m[0m[1m[32m     Running[0m `rustc --crate-name lazy_static /usr/local/cargo/registry/src/github.com-1ecc6299db9ec823/lazy_static-1.4.0/src/lib.rs --error-format=json --json=diagnostic-rendered-ansi,artifacts --crate-type lib --emit=dep-info,metadata,link -C embed-bitcode=no -C debug-assertions=off -C metadata=0058f2cee378e150 -C extra-filename=-0058f2cee378e150 --out-dir /src/target/release/deps -L dependency=/src/target/release/deps --cap-lints allow`
[0m[0m[1m[32m   Compiling[0m bumpalo v3.4.0
[0m[0m[1m[32m     Running[0m `rustc --crate-name bumpalo --edition=2018 /usr/local/cargo/registry/src/github.com-1ecc6299db9ec823/bumpalo-3.4.0/src/lib.rs --error-format=json --json=diagnostic-rendered-ansi,artifacts --crate-type lib --emit=dep-info,metadata,link -C embed-bitcode=no -C debug-assertions=off --cfg 'feature="default"' -C metadata=57dca41fc94ece67 -C extra-filename=-57dca41fc94ece67 --out-dir /src/target/release/deps -L dependency=/src/target/release/deps --cap-lints allow`
[0m[0m[1m[32m   Compiling[0m wasm-bindgen v0.2.74
[0m[0m[1m[32m     Running[0m `rustc --crate-name build_script_build --edition=2018 /usr/local/cargo/registry/src/github.com-1ecc6299db9ec823/wasm-bindgen-0.2.74/build.rs --error-format=json --json=diagnostic-rendered-ansi --crate-type bin --emit=dep-info,link -C embed-bitcode=no -C debug-assertions=off --cfg 'feature="default"' --cfg 'feature="spans"' --cfg 'feature="std"' -C metadata=723c17630de5c8dd -C extra-filename=-723c17630de5c8dd --out-dir /src/target/release/build/wasm-bindgen-723c17630de5c8dd -L dependency=/src/target/release/deps --cap-lints allow`
[0m[0m[1m[32m   Compiling[0m wee_alloc v0.4.5
[0m[0m[1m[32m     Running[0m `rustc --crate-name build_script_build /usr/local/cargo/registry/src/github.com-1ecc6299db9ec823/wee_alloc-0.4.5/build.rs --error-format=json --json=diagnostic-rendered-ansi --crate-type bin --emit=dep-info,link -C embed-bitcode=no -C debug-assertions=off --cfg 'feature="default"' --cfg 'feature="size_classes"' -C metadata=aacca5c7e0e70bae -C extra-filename=-aacca5c7e0e70bae --out-dir /src/target/release/build/wee_alloc-aacca5c7e0e70bae -L dependency=/src/target/release/deps --cap-lints allow`
[0m[0m[1m[32m     Running[0m `rustc --crate-name cfg_if --edition=2018 /usr/local/cargo/registry/src/github.com-1ecc6299db9ec823/cfg-if-0.1.10/src/lib.rs --error-format=json --json=diagnostic-rendered-ansi,artifacts --crate-type lib --emit=dep-info,metadata,link -C opt-level=s -C linker-plugin-lto -C metadata=fd129f540495c383 -C extra-filename=-fd129f540495c383 --out-dir /src/target/wasm32-unknown-unknown/release/deps --target wasm32-unknown-unknown -L dependency=/src/target/wasm32-unknown-unknown/release/deps -L dependency=/src/target/release/deps --cap-lints allow`
[0m[0m[1m[32m   Compiling[0m bytemuck v1.4.1
[0m[0m[1m[32m     Running[0m `rustc --crate-name bytemuck --edition=2018 /usr/local/cargo/registry/src/github.com-1ecc6299db9ec823/bytemuck-1.4.1/src/lib.rs --error-format=json --json=diagnostic-rendered-ansi,artifacts --crate-type lib --emit=dep-info,metadata,link -C opt-level=s -C linker-plugin-lto -C metadata=f6d522adeed75f02 -C extra-filename=-f6d522adeed75f02 --out-dir /src/target/wasm32-unknown-unknown/release/deps --target wasm32-unknown-unknown -L dependency=/src/target/wasm32-unknown-unknown/release/deps -L dependency=/src/target/release/deps --cap-lints allow`
[0m[0m[1m[32m   Compiling[0m cfg-if v1.0.0
[0m[0m[1m[32m     Running[0m `rustc --crate-name cfg_if --edition=2018 /usr/local/cargo/registry/src/github.com-1ecc6299db9ec823/cfg-if-1.0.0/src/lib.rs --error-format=json --json=diagnostic-rendered-ansi,artifacts --crate-type lib --emit=dep-info,metadata,link -C opt-level=s -C linker-plugin-lto -C metadata=8cb1d859b0bf2cea -C extra-filename=-8cb1d859b0bf2cea --out-dir /src/target/wasm32-unknown-unknown/release/deps --target wasm32-unknown-unknown -L dependency=/src/target/wasm32-unknown-unknown/release/deps -L dependency=/src/target/release/deps --cap-lints allow`
[0m[0m[1m[32m   Compiling[0m memory_units v0.4.0
[0m[0m[1m[32m     Running[0m `rustc --crate-name memory_units /usr/local/cargo/registry/src/github.com-1ecc6299db9ec823/memory_units-0.4.0/src/lib.rs --error-format=json --json=diagnostic-rendered-ansi,artifacts --crate-type lib --emit=dep-info,metadata,link -C opt-level=s -C linker-plugin-lto -C metadata=19dfda1c94e8db88 -C extra-filename=-19dfda1c94e8db88 --out-dir /src/target/wasm32-unknown-unknown/release/deps --target wasm32-unknown-unknown -L dependency=/src/target/wasm32-unknown-unknown/release/deps -L dependency=/src/target/release/deps --cap-lints allow`
[0m[0m[1m[32m   Compiling[0m squoosh-resize v0.1.0 (/src)
[0m[0m[1m[32m     Running[0m `rustc --crate-name build_script_build build.rs --error-format=json --json=diagnostic-rendered-ansi --crate-type bin --emit=dep-info,link -C embed-bitcode=no -C debug-assertions=off --cfg 'feature="console_error_panic_hook"' --cfg 'feature="default"' --cfg 'feature="wee_alloc"' -C metadata=d1bdb91cb7cbd58d -C extra-filename=-d1bdb91cb7cbd58d --out-dir /src/target/release/build/squoosh-resize-d1bdb91cb7cbd58d -L dependency=/src/target/release/deps`
[0m[1m[33mwarning[0m[0m[1m: a method with this name may be added to the standard library in the future[0m
[0m  [0m[0m[1m[38;5;12m--> [0m[0m./src/srgb.rs:19:41[0m
[0m   [0m[0m[1m[38;5;12m|[0m
[0m[1m[38;5;12m19[0m[0m [0m[0m[1m[38;5;12m| [0m[0m        ((v + 0.055) / 1.055).powf(2.4).clamp(0.0, 1.0)[0m
[0m   [0m[0m[1m[38;5;12m| [0m[0m                                        [0m[0m[1m[33m^^^^^[0m
[0m   [0m[0m[1m[38;5;12m|[0m
[0m   [0m[0m[1m[38;5;12m= [0m[0m[1mnote[0m[0m: `#[warn(unstable_name_collisions)]` on by default[0m
[0m   [0m[0m[1m[38;5;12m= [0m[0m[1mwarning[0m[0m: once this method is added to the standard library, the ambiguity may cause an error or change in behavior![0m
[0m   [0m[0m[1m[38;5;12m= [0m[0m[1mnote[0m[0m: for more information, see issue #48919 <https://github.com/rust-lang/rust/issues/48919>[0m
[0m   [0m[0m[1m[38;5;12m= [0m[0m[1mhelp[0m[0m: call with fully qualified syntax `Clamp::clamp(...)` to keep using the current method[0m

[0m[1m[33mwarning[0m[0m[1m: a method with this name may be added to the standard library in the future[0m
[0m  [0m[0m[1m[38;5;12m--> [0m[0m./src/srgb.rs:27:45[0m
[0m   [0m[0m[1m[38;5;12m|[0m
[0m[1m[38;5;12m27[0m[0m [0m[0m[1m[38;5;12m| [0m[0m        (1.055 * v.powf(1.0 / 2.4) - 0.055).clamp(0.0, 1.0)[0m
[0m   [0m[0m[1m[38;5;12m| [0m[0m                                            [0m[0m[1m[33m^^^^^[0m
[0m   [0m[0m[1m[38;5;12m|[0m
[0m   [0m[0m[1m[38;5;12m= [0m[0m[1mwarning[0m[0m: once this method is added to the standard library, the ambiguity may cause an error or change in behavior![0m
[0m   [0m[0m[1m[38;5;12m= [0m[0m[1mnote[0m[0m: for more information, see issue #48919 <https://github.com/rust-lang/rust/issues/48919>[0m
[0m   [0m[0m[1m[38;5;12m= [0m[0m[1mhelp[0m[0m: call with fully qualified syntax `Clamp::clamp(...)` to keep using the current method[0m

[0m[0m[1m[32m     Running[0m `/src/target/release/build/proc-macro2-7edc40a0012e4cdb/build-script-build`
[0m[0m[1m[32m     Running[0m `/src/target/release/build/syn-6915c02f5a2eb5bd/build-script-build`
[0m[0m[1m[32m     Running[0m `/src/target/release/build/log-49ff11d66c796a90/build-script-build`
[0m[0m[1m[32m     Running[0m `/src/target/release/build/wasm-bindgen-shared-44885e99c879b334/build-script-build`
[0m[0m[1m[32m     Running[0m `/src/target/release/build/wasm-bindgen-723c17630de5c8dd/build-script-build`
[0m[0m[1m[32m   Compiling[0m rgb v0.8.25
[0m[0m[1m[32m     Running[0m `rustc --crate-name rgb --edition=2018 /usr/local/cargo/registry/src/github.com-1ecc6299db9ec823/rgb-0.8.25/src/lib.rs --error-format=json --json=diagnostic-rendered-ansi,artifacts --crate-type lib --emit=dep-info,metadata,link -C opt-level=s -C linker-plugin-lto --cfg 'feature="as-bytes"' --cfg 'feature="bytemuck"' --cfg 'feature="default"' -C metadata=a3e2e31406f1671c -C extra-filename=-a3e2e31406f1671c --out-dir /src/target/wasm32-unknown-unknown/release/deps --target wasm32-unknown-unknown -L dependency=/src/target/wasm32-unknown-unknown/release/deps -L dependency=/src/target/release/deps --extern bytemuck=/src/target/wasm32-unknown-unknown/release/deps/libbytemuck-f6d522adeed75f02.rmeta --cap-lints allow`
[0m[1m[33mwarning[0m[0m[1m: 2 warnings emitted[0m

[0m[0m[1m[32m     Running[0m `/src/target/release/build/wee_alloc-aacca5c7e0e70bae/build-script-build`
[0m[0m[1m[32m     Running[0m `rustc --crate-name proc_macro2 --edition=2018 /usr/local/cargo/registry/src/github.com-1ecc6299db9ec823/proc-macro2-1.0.27/src/lib.rs --error-format=json --json=diagnostic-rendered-ansi,artifacts --crate-type lib --emit=dep-info,metadata,link -C embed-bitcode=no -C debug-assertions=off --cfg 'feature="default"' --cfg 'feature="proc-macro"' -C metadata=274c82ae6c13108b -C extra-filename=-274c82ae6c13108b --out-dir /src/target/release/deps -L dependency=/src/target/release/deps --extern unicode_xid=/src/target/release/deps/libunicode_xid-a06dfae64cf4d8b5.rmeta --cap-lints allow --cfg lexerror_display --cfg hygiene --cfg use_proc_macro --cfg wrap_proc_macro`
[0m[0m[1m[32m     Running[0m `rustc --crate-name log /usr/local/cargo/registry/src/github.com-1ecc6299db9ec823/log-0.4.8/src/lib.rs --error-format=json --json=diagnostic-rendered-ansi,artifacts --crate-type lib --emit=dep-info,metadata,link -C embed-bitcode=no -C debug-assertions=off -C metadata=e1f025ba90483025 -C extra-filename=-e1f025ba90483025 --out-dir /src/target/release/deps -L dependency=/src/target/release/deps --extern cfg_if=/src/target/release/deps/libcfg_if-4e06896827c844b3.rmeta --cap-lints allow --cfg atomic_cas`
[0m[0m[1m[32m     Running[0m `rustc --crate-name wasm_bindgen_shared --edition=2018 /usr/local/cargo/registry/src/github.com-1ecc6299db9ec823/wasm-bindgen-shared-0.2.74/src/lib.rs --error-format=json --json=diagnostic-rendered-ansi,artifacts --crate-type lib --emit=dep-info,metadata,link -C embed-bitcode=no -C debug-assertions=off -C metadata=13550b8dfb3b29cc -C extra-filename=-13550b8dfb3b29cc --out-dir /src/target/release/deps -L dependency=/src/target/release/deps --cap-lints allow`
[0m[0m[1m[32m     Running[0m `/src/target/release/build/squoosh-resize-d1bdb91cb7cbd58d/build-script-build`
[0m[0m[1m[32m     Running[0m `rustc --crate-name wee_alloc /usr/local/cargo/registry/src/github.com-1ecc6299db9ec823/wee_alloc-0.4.5/src/lib.rs --error-format=json --json=diagnostic-rendered-ansi --crate-type lib --emit=dep-info,metadata,link -C opt-level=s -C linker-plugin-lto --cfg 'feature="default"' --cfg 'feature="size_classes"' -C metadata=bfc8f5642c2d8ad4 -C extra-filename=-bfc8f5642c2d8ad4 --out-dir /src/target/wasm32-unknown-unknown/release/deps --target wasm32-unknown-unknown -L dependency=/src/target/wasm32-unknown-unknown/release/deps -L dependency=/src/target/release/deps --extern cfg_if=/src/target/wasm32-unknown-unknown/release/deps/libcfg_if-fd129f540495c383.rmeta --extern memory_units=/src/target/wasm32-unknown-unknown/release/deps/libmemory_units-19dfda1c94e8db88.rmeta --cap-lints allow`
[0m[0m[1m[32m   Compiling[0m resize v0.5.5
[0m[0m[1m[32m     Running[0m `rustc --crate-name resize --edition=2018 /usr/local/cargo/registry/src/github.com-1ecc6299db9ec823/resize-0.5.5/src/lib.rs --error-format=json --json=diagnostic-rendered-ansi --crate-type lib --emit=dep-info,metadata,link -C opt-level=s -C linker-plugin-lto -C metadata=b5bae28b2a55008d -C extra-filename=-b5bae28b2a55008d --out-dir /src/target/wasm32-unknown-unknown/release/deps --target wasm32-unknown-unknown -L dependency=/src/target/wasm32-unknown-unknown/release/deps -L dependency=/src/target/release/deps --extern rgb=/src/target/wasm32-unknown-unknown/release/deps/librgb-a3e2e31406f1671c.rmeta --cap-lints allow`
[0m[0m[1m[32m   Compiling[0m quote v1.0.7
[0m[0m[1m[32m     Running[0m `rustc --crate-name quote --edition=2018 /usr/local/cargo/registry/src/github.com-1ecc6299db9ec823/quote-1.0.7/src/lib.rs --error-format=json --json=diagnostic-rendered-ansi,artifacts --crate-type lib --emit=dep-info,metadata,link -C embed-bitcode=no -C debug-assertions=off --cfg 'feature="default"' --cfg 'feature="proc-macro"' -C metadata=f1070eefee933a34 -C extra-filename=-f1070eefee933a34 --out-dir /src/target/release/deps -L dependency=/src/target/release/deps --extern proc_macro2=/src/target/release/deps/libproc_macro2-274c82ae6c13108b.rmeta --cap-lints allow`
[0m[0m[1m[32m     Running[0m `rustc --crate-name syn --edition=2018 /usr/local/cargo/registry/src/github.com-1ecc6299db9ec823/syn-1.0.72/src/lib.rs --error-format=json --json=diagnostic-rendered-ansi,artifacts --crate-type lib --emit=dep-info,metadata,link -C embed-bitcode=no -C debug-assertions=off --cfg 'feature="clone-impls"' --cfg 'feature="default"' --cfg 'feature="derive"' --cfg 'feature="full"' --cfg 'feature="parsing"' --cfg 'feature="printing"' --cfg 'feature="proc-macro"' --cfg 'feature="quote"' --cfg 'feature="visit"' -C metadata=b0ccae7586d2dbd4 -C extra-filename=-b0ccae7586d2dbd4 --out-dir /src/target/release/deps -L dependency=/src/target/release/deps --extern proc_macro2=/src/target/release/deps/libproc_macro2-274c82ae6c13108b.rmeta --extern quote=/src/target/release/deps/libquote-f1070eefee933a34.rmeta --extern unicode_xid=/src/target/release/deps/libunicode_xid-a06dfae64cf4d8b5.rmeta --cap-lints allow --cfg syn_disable_nightly_tests`
[0m[0m[1m[32m   Compiling[0m wasm-bindgen-backend v0.2.74
[0m[0m[1m[32m     Running[0m `rustc --crate-name wasm_bindgen_backend --edition=2018 /usr/local/cargo/registry/src/github.com-1ecc6299db9ec823/wasm-bindgen-backend-0.2.74/src/lib.rs --error-format=json --json=diagnostic-rendered-ansi,artifacts --crate-type lib --emit=dep-info,metadata,link -C embed-bitcode=no -C debug-assertions=off --cfg 'feature="spans"' -C metadata=72810085c1b31676 -C extra-filename=-72810085c1b31676 --out-dir /src/target/release/deps -L dependency=/src/target/release/deps --extern bumpalo=/src/target/release/deps/libbumpalo-57dca41fc94ece67.rmeta --extern lazy_static=/src/target/release/deps/liblazy_static-0058f2cee378e150.rmeta --extern log=/src/target/release/deps/liblog-e1f025ba90483025.rmeta --extern proc_macro2=/src/target/release/deps/libproc_macro2-274c82ae6c13108b.rmeta --extern quote=/src/target/release/deps/libquote-f1070eefee933a34.rmeta --extern syn=/src/target/release/deps/libsyn-b0ccae7586d2dbd4.rmeta --extern wasm_bindgen_shared=/src/target/release/deps/libwasm_bindgen_shared-13550b8dfb3b29cc.rmeta --cap-lints allow`
[0m[0m[1m[32m   Compiling[0m wasm-bindgen-macro-support v0.2.74
[0m[0m[1m[32m     Running[0m `rustc --crate-name wasm_bindgen_macro_support --edition=2018 /usr/local/cargo/registry/src/github.com-1ecc6299db9ec823/wasm-bindgen-macro-support-0.2.74/src/lib.rs --error-format=json --json=diagnostic-rendered-ansi --crate-type lib --emit=dep-info,metadata,link -C embed-bitcode=no -C debug-assertions=off --cfg 'feature="spans"' -C metadata=d47d387952fa500a -C extra-filename=-d47d387952fa500a --out-dir /src/target/release/deps -L dependency=/src/target/release/deps --extern proc_macro2=/src/target/release/deps/libproc_macro2-274c82ae6c13108b.rmeta --extern quote=/src/target/release/deps/libquote-f1070eefee933a34.rmeta --extern syn=/src/target/release/deps/libsyn-b0ccae7586d2dbd4.rmeta --extern wasm_bindgen_backend=/src/target/release/deps/libwasm_bindgen_backend-72810085c1b31676.rmeta --extern wasm_bindgen_shared=/src/target/release/deps/libwasm_bindgen_shared-13550b8dfb3b29cc.rmeta --cap-lints allow`
[0m[0m[1m[32m   Compiling[0m wasm-bindgen-macro v0.2.74
[0m[0m[1m[32m     Running[0m `rustc --crate-name wasm_bindgen_macro --edition=2018 /usr/local/cargo/registry/src/github.com-1ecc6299db9ec823/wasm-bindgen-macro-0.2.74/src/lib.rs --error-format=json --json=diagnostic-rendered-ansi --crate-type proc-macro --emit=dep-info,link -C prefer-dynamic -C embed-bitcode=no -C debug-assertions=off --cfg 'feature="spans"' -C metadata=d32a1e9222668671 -C extra-filename=-d32a1e9222668671 --out-dir /src/target/release/deps -L dependency=/src/target/release/deps --extern quote=/src/target/release/deps/libquote-f1070eefee933a34.rlib --extern wasm_bindgen_macro_support=/src/target/release/deps/libwasm_bindgen_macro_support-d47d387952fa500a.rlib --extern proc_macro --cap-lints allow`
[0m[0m[1m[32m     Running[0m `rustc --crate-name wasm_bindgen --edition=2018 /usr/local/cargo/registry/src/github.com-1ecc6299db9ec823/wasm-bindgen-0.2.74/src/lib.rs --error-format=json --json=diagnostic-rendered-ansi,artifacts --crate-type lib --emit=dep-info,metadata,link -C opt-level=s -C linker-plugin-lto --cfg 'feature="default"' --cfg 'feature="spans"' --cfg 'feature="std"' -C metadata=2a05daf539976bc0 -C extra-filename=-2a05daf539976bc0 --out-dir /src/target/wasm32-unknown-unknown/release/deps --target wasm32-unknown-unknown -L dependency=/src/target/wasm32-unknown-unknown/release/deps -L dependency=/src/target/release/deps --extern cfg_if=/src/target/wasm32-unknown-unknown/release/deps/libcfg_if-8cb1d859b0bf2cea.rmeta --extern wasm_bindgen_macro=/src/target/release/deps/libwasm_bindgen_macro-d32a1e9222668671.so --cap-lints allow`
[0m[0m[1m[32m   Compiling[0m console_error_panic_hook v0.1.6
[0m[0m[1m[32m     Running[0m `rustc --crate-name console_error_panic_hook /usr/local/cargo/registry/src/github.com-1ecc6299db9ec823/console_error_panic_hook-0.1.6/src/lib.rs --error-format=json --json=diagnostic-rendered-ansi --crate-type lib --emit=dep-info,metadata,link -C opt-level=s -C linker-plugin-lto -C metadata=a11b372b055cbf7f -C extra-filename=-a11b372b055cbf7f --out-dir /src/target/wasm32-unknown-unknown/release/deps --target wasm32-unknown-unknown -L dependency=/src/target/wasm32-unknown-unknown/release/deps -L dependency=/src/target/release/deps --extern cfg_if=/src/target/wasm32-unknown-unknown/release/deps/libcfg_if-fd129f540495c383.rmeta --extern wasm_bindgen=/src/target/wasm32-unknown-unknown/release/deps/libwasm_bindgen-2a05daf539976bc0.rmeta --cap-lints allow`
[0m[0m[1m[32m     Running[0m `rustc --crate-name squoosh_resize src/lib.rs --error-format=json --json=diagnostic-rendered-ansi --crate-type cdylib --emit=dep-info,link -C opt-level=s -C lto --cfg 'feature="console_error_panic_hook"' --cfg 'feature="default"' --cfg 'feature="wee_alloc"' -C metadata=c0e233aacc183db6 --out-dir /src/target/wasm32-unknown-unknown/release/deps --target wasm32-unknown-unknown -L dependency=/src/target/wasm32-unknown-unknown/release/deps -L dependency=/src/target/release/deps --extern cfg_if=/src/target/wasm32-unknown-unknown/release/deps/libcfg_if-fd129f540495c383.rlib --extern console_error_panic_hook=/src/target/wasm32-unknown-unknown/release/deps/libconsole_error_panic_hook-a11b372b055cbf7f.rlib --extern resize=/src/target/wasm32-unknown-unknown/release/deps/libresize-b5bae28b2a55008d.rlib --extern wasm_bindgen=/src/target/wasm32-unknown-unknown/release/deps/libwasm_bindgen-2a05daf539976bc0.rlib --extern wee_alloc=/src/target/wasm32-unknown-unknown/release/deps/libwee_alloc-bfc8f5642c2d8ad4.rlib`
[0m[1m[33mwarning[0m[0m[1m: a method with this name may be added to the standard library in the future[0m
[0m  [0m[0m[1m[38;5;12m--> [0m[0msrc/lib.rs:35:45[0m
[0m   [0m[0m[1m[38;5;12m|[0m
[0m[1m[38;5;12m35[0m[0m [0m[0m[1m[38;5;12m| [0m[0m            |v| (linear_to_srgb(v) * 255.0).clamp(0.0, 255.0) as u8,[0m
[0m   [0m[0m[1m[38;5;12m| [0m[0m                                            [0m[0m[1m[33m^^^^^[0m
[0m   [0m[0m[1m[38;5;12m|[0m
[0m   [0m[0m[1m[38;5;12m= [0m[0m[1mnote[0m[0m: `#[warn(unstable_name_collisions)]` on by default[0m
[0m   [0m[0m[1m[38;5;12m= [0m[0m[1mwarning[0m[0m: once this method is added to the standard library, the ambiguity may cause an error or change in behavior![0m
[0m   [0m[0m[1m[38;5;12m= [0m[0m[1mnote[0m[0m: for more information, see issue #48919 <https://github.com/rust-lang/rust/issues/48919>[0m
[0m   [0m[0m[1m[38;5;12m= [0m[0m[1mhelp[0m[0m: call with fully qualified syntax `srgb::Clamp::clamp(...)` to keep using the current method[0m

[0m[1m[33mwarning[0m[0m[1m: a method with this name may be added to the standard library in the future[0m
[0m  [0m[0m[1m[38;5;12m--> [0m[0msrc/lib.rs:40:29[0m
[0m   [0m[0m[1m[38;5;12m|[0m
[0m[1m[38;5;12m40[0m[0m [0m[0m[1m[38;5;12m| [0m[0m            |v| (v * 255.0).clamp(0.0, 255.0) as u8,[0m
[0m   [0m[0m[1m[38;5;12m| [0m[0m                            [0m[0m[1m[33m^^^^^[0m
[0m   [0m[0m[1m[38;5;12m|[0m
[0m   [0m[0m[1m[38;5;12m= [0m[0m[1mwarning[0m[0m: once this method is added to the standard library, the ambiguity may cause an error or change in behavior![0m
[0m   [0m[0m[1m[38;5;12m= [0m[0m[1mnote[0m[0m: for more information, see issue #48919 <https://github.com/rust-lang/rust/issues/48919>[0m
[0m   [0m[0m[1m[38;5;12m= [0m[0m[1mhelp[0m[0m: call with fully qualified syntax `srgb::Clamp::clamp(...)` to keep using the current method[0m

[0m[1m[33mwarning[0m[0m[1m: a method with this name may be added to the standard library in the future[0m
[0m   [0m[0m[1m[38;5;12m--> [0m[0msrc/lib.rs:139:14[0m
[0m    [0m[0m[1m[38;5;12m|[0m
[0m[1m[38;5;12m139[0m[0m [0m[0m[1m[38;5;12m| [0m[0m            .clamp(0.0, 255.0) as u8;[0m
[0m    [0m[0m[1m[38;5;12m| [0m[0m             [0m[0m[1m[33m^^^^^[0m
[0m    [0m[0m[1m[38;5;12m|[0m
[0m    [0m[0m[1m[38;5;12m= [0m[0m[1mwarning[0m[0m: once this method is added to the standard library, the ambiguity may cause an error or change in behavior![0m
[0m    [0m[0m[1m[38;5;12m= [0m[0m[1mnote[0m[0m: for more information, see issue #48919 <https://github.com/rust-lang/rust/issues/48919>[0m
[0m    [0m[0m[1m[38;5;12m= [0m[0m[1mhelp[0m[0m: call with fully qualified syntax `srgb::Clamp::clamp(...)` to keep using the current method[0m

[0m[1m[33mwarning[0m[0m[1m: a method with this name may be added to the standard library in the future[0m
[0m  [0m[0m[1m[38;5;12m--> [0m[0msrc/srgb.rs:19:41[0m
[0m   [0m[0m[1m[38;5;12m|[0m
[0m[1m[38;5;12m19[0m[0m [0m[0m[1m[38;5;12m| [0m[0m        ((v + 0.055) / 1.055).powf(2.4).clamp(0.0, 1.0)[0m
[0m   [0m[0m[1m[38;5;12m| [0m[0m                                        [0m[0m[1m[33m^^^^^[0m
[0m   [0m[0m[1m[38;5;12m|[0m
[0m   [0m[0m[1m[38;5;12m= [0m[0m[1mwarning[0m[0m: once this method is added to the standard library, the ambiguity may cause an error or change in behavior![0m
[0m   [0m[0m[1m[38;5;12m= [0m[0m[1mnote[0m[0m: for more information, see issue #48919 <https://github.com/rust-lang/rust/issues/48919>[0m
[0m   [0m[0m[1m[38;5;12m= [0m[0m[1mhelp[0m[0m: call with fully qualified syntax `srgb::Clamp::clamp(...)` to keep using the current method[0m

[0m[1m[33mwarning[0m[0m[1m: a method with this name may be added to the standard library in the future[0m
[0m  [0m[0m[1m[38;5;12m--> [0m[0msrc/srgb.rs:27:45[0m
[0m   [0m[0m[1m[38;5;12m|[0m
[0m[1m[38;5;12m27[0m[0m [0m[0m[1m[38;5;12m| [0m[0m        (1.055 * v.powf(1.0 / 2.4) - 0.055).clamp(0.0, 1.0)[0m
[0m   [0m[0m[1m[38;5;12m| [0m[0m                                            [0m[0m[1m[33m^^^^^[0m
[0m   [0m[0m[1m[38;5;12m|[0m
[0m   [0m[0m[1m[38;5;12m= [0m[0m[1mwarning[0m[0m: once this method is added to the standard library, the ambiguity may cause an error or change in behavior![0m
[0m   [0m[0m[1m[38;5;12m= [0m[0m[1mnote[0m[0m: for more information, see issue #48919 <https://github.com/rust-lang/rust/issues/48919>[0m
[0m   [0m[0m[1m[38;5;12m= [0m[0m[1mhelp[0m[0m: call with fully qualified syntax `srgb::Clamp::clamp(...)` to keep using the current method[0m

[0m[1m[33mwarning[0m[0m[1m: function is never used: `srgb_to_linear`[0m
[0m  [0m[0m[1m[38;5;12m--> [0m[0msrc/srgb.rs:15:8[0m
[0m   [0m[0m[1m[38;5;12m|[0m
[0m[1m[38;5;12m15[0m[0m [0m[0m[1m[38;5;12m| [0m[0mpub fn srgb_to_linear(v: f32) -> f32 {[0m
[0m   [0m[0m[1m[38;5;12m| [0m[0m       [0m[0m[1m[33m^^^^^^^^^^^^^^[0m
[0m   [0m[0m[1m[38;5;12m|[0m
[0m   [0m[0m[1m[38;5;12m= [0m[0m[1mnote[0m[0m: `#[warn(dead_code)]` on by default[0m

[0m[1m[33mwarning[0m[0m[1m: 6 warnings emitted[0m

[0m[0m[1m[32m    Finished[0m release [optimized] target(s) in 25.82s
[1m[2m[INFO][0m: Installing wasm-bindgen...
[1m[2m[INFO][0m: found wasm-opt at "/usr/local/bin/wasm-opt"
[1m[2m[INFO][0m: Optimizing wasm binaries with `wasm-opt`...
[1m[2m[INFO][0m: Optional fields missing from Cargo.toml: 'description', 'repository', and 'license'. These are not necessary, but recommended
[1m[2m[INFO][0m: :-) Done in 27.52s
[1m[2m[INFO][0m: :-) Your wasm pkg is ready to publish at /src/pkg.
[1m[2m[WARN][0m: :-) There's a newer version of wasm-pack available, the new version is: 0.15.0, you are using: 0.12.1. To update, navigate to: https://rustwasm.github.io/wasm-pack/installer/
