
up to date, audited 1 package in 409ms

found 0 vulnerabilities

> build
> ../build-cpp.sh

#0 building with "default" instance using docker driver

#1 [internal] load build definition from Dockerfile
#1 transferring dockerfile: 702B done
#1 WARN: LegacyKeyValueFormat: "ENV key=value" should be used instead of legacy "ENV key value" format (line 3)
#1 WARN: LegacyKeyValueFormat: "ENV key=value" should be used instead of legacy "ENV key value" format (line 4)
#1 WARN: LegacyKeyValueFormat: "ENV key=value" should be used instead of legacy "ENV key value" format (line 5)
#1 DONE 0.0s

#2 [internal] load metadata for docker.io/emscripten/emsdk:latest
#2 DONE 0.0s

#3 [internal] load .dockerignore
#3 transferring context: 2B done
#3 DONE 0.0s

#4 [1/5] FROM docker.io/emscripten/emsdk:latest@sha256:9eed2e47b4206928b22f99d2917013ad5462d777bb24cb546a652729896badd8
#4 resolve docker.io/emscripten/emsdk:latest@sha256:9eed2e47b4206928b22f99d2917013ad5462d777bb24cb546a652729896badd8 0.0s done
#4 DONE 0.0s

#5 [3/5] RUN emcc -O3 -flto -std=c++17 -O3 -flto -s FILESYSTEM=0 -s PTHREAD_POOL_SIZE=navigator.hardwareConcurrency -s ALLOW_MEMORY_GROWTH=1 -s TEXTDECODER=2 -s NODEJS_CATCH_EXIT=0 -s NODEJS_CATCH_REJECTION=0  --bind -xc++ /dev/null -o /dev/null
#5 CACHED

#6 [4/5] RUN emcc -O3 -flto -std=c++17 -O3 -flto -s FILESYSTEM=0 -s PTHREAD_POOL_SIZE=navigator.hardwareConcurrency -s ALLOW_MEMORY_GROWTH=1 -s TEXTDECODER=2 -s NODEJS_CATCH_EXIT=0 -s NODEJS_CATCH_REJECTION=0  --bind -pthread -xc++ /dev/null -o /dev/null
#6 CACHED

#7 [2/5] RUN apt-get update && apt-get install -qqy autoconf libtool pkg-config
#7 CACHED

#8 [5/5] WORKDIR /src
#8 CACHED

#9 exporting to image
#9 exporting layers done
#9 exporting manifest sha256:abb50acd55f1a92fb320e252c47c55f529c23849792a2fad4f4ee9ded8d9b96e done
#9 exporting config sha256:955ce12492f48b26d35ba174fcf41414d25e8175db719a8fcfafc2c586793d6f done
#9 exporting attestation manifest sha256:c92be94c8a597757e591e9f2210cbbe3d348c6853383c6afcf8d736622f78884 0.0s done
#9 exporting manifest list sha256:4afe49f81c4688e4fdcf0c8988c8662682fa8f85be4e94c268a7a3a9915c4881
#9 exporting manifest list sha256:4afe49f81c4688e4fdcf0c8988c8662682fa8f85be4e94c268a7a3a9915c4881 done
#9 naming to docker.io/library/squoosh-cpp:latest done
#9 unpacking to docker.io/library/squoosh-cpp:latest 0.0s done
#9 DONE 0.1s

 [33m3 warnings found (use docker --debug to expand):
[0m - LegacyKeyValueFormat: "ENV key=value" should be used instead of legacy "ENV key value" format (line 5)
 - LegacyKeyValueFormat: "ENV key=value" should be used instead of legacy "ENV key value" format (line 3)
 - LegacyKeyValueFormat: "ENV key=value" should be used instead of legacy "ENV key value" format (line 4)
emmake: "make -j2" in "/src"
mkdir -p node_modules/wp2
curl -sL https://chromium.googlesource.com/codecs/libwebp2/+archive/413df7caeca5013fa9a51401660f7efd8572e0ae.tar.gz | tar xz -C node_modules/wp2
tar: src/enc/symbols_enc.cc: time stamp 2026-06-05 10:29:31.954 is 0.000668969 s in the future
tar: src/enc/symbols_enc.h: time stamp 2026-06-05 10:29:31.957 is 0.003379639 s in the future
tar: tests/test_custom_csp.cc: time stamp 2026-06-05 10:29:32.043 is 0.000112575 s in the future
tar: tests/test_custom_csp_dec.cc: time stamp 2026-06-05 10:29:32.044 is 0.000698131 s in the future
tar: tests/test_custom_csp_enc.cc: time stamp 2026-06-05 10:29:32.044 is 0.000368686 s in the future
tar: tests/test_custom_csp_enc_dec.cc: time stamp 2026-06-05 10:29:32.045 is 0.001003875 s in the future
tar: tests/test_data_source.cc: time stamp 2026-06-05 10:29:32.045 is 0.0006474 s in the future
tar: tests/test_data_source_stream.cc: time stamp 2026-06-05 10:29:32.046 is 0.001518168 s in the future
tar: tests/testdata/animation0.webp: time stamp 2026-06-05 10:29:32.226 is 0.019402404 s in the future
tar: tests/testdata/animation1.webp: time stamp 2026-06-05 10:29:32.232 is 0.024799218 s in the future
tar: tests/testdata/composited.png: time stamp 2026-06-05 10:29:32.676 is 0.000102875 s in the future
tar: tests/testdata/large.png: time stamp 2026-06-05 10:29:32.684 is 0.007871112 s in the future
tar: tests/testdata/logo.png: time stamp 2026-06-05 10:29:32.684 is 0.0075433 s in the future
tar: tests/testdata/metadata/ICC_3144_type2.bin: time stamp 2026-06-05 10:29:32.685 is 0.008034313 s in the future
tar: tests/testdata/metadata/ICC_3144_type3.bin: time stamp 2026-06-05 10:29:32.685 is 0.007905613 s in the future
tar: tests/testdata/metadata/ICC_524_type1.bin: time stamp 2026-06-05 10:29:32.685 is 0.007643714 s in the future
tar: tests/testdata/metadata: time stamp 2026-06-05 10:29:32.685 is 0.007504615 s in the future
tar: tests/testdata/test_exif_xmp.webp: time stamp 2026-06-05 10:29:33.062 is 0.018939106 s in the future
tar: tests/testdata/verylarge.png: time stamp 2026-06-05 10:29:33.063 is 0.019645237 s in the future
tar: tests/tools/stuttering_http_server.py: time stamp 2026-06-05 10:29:33.064 is 0.019932968 s in the future
tar: tests/tools: time stamp 2026-06-05 10:29:33.064 is 0.019878115 s in the future
tar: wp2_js/index.html: time stamp 2026-06-05 10:29:33.064 is 0.019707617 s in the future
tar: wp2_js/index_wasm.html: time stamp 2026-06-05 10:29:33.065 is 0.020598794 s in the future
tar: wp2_js/preview.html: time stamp 2026-06-05 10:29:33.065 is 0.019643069 s in the future
tar: wp2_js/test_wp2_js.wp2: time stamp 2026-06-05 10:29:33.069 is 0.005493975 s in the future
tar: wp2_js/test_wp2_wasm.wp2: time stamp 2026-06-05 10:29:33.076 is 0.011431805 s in the future
/emsdk/upstream/emscripten/em++ -c \
	-O3 -flto -std=c++17 \
	-I node_modules/wp2 \
	-o enc/wp2_enc.o \
	enc/wp2_enc.cpp
emcmake cmake \
	-DCMAKE_DISABLE_FIND_PACKAGE_Threads=1 \
	-DWP2_BUILD_TESTS=0 \
	-DWP2_BUILD_EXAMPLES=0 \
	-DWP2_BUILD_EXTRAS=0 \
	-DWP2_REDUCED=1 \
	-B node_modules/wp2/build/baseline \
	node_modules/wp2
emcmake: cmake -DCMAKE_DISABLE_FIND_PACKAGE_Threads=1 -DWP2_BUILD_TESTS=0 -DWP2_BUILD_EXAMPLES=0 -DWP2_BUILD_EXTRAS=0 -DWP2_REDUCED=1 -B node_modules/wp2/build/baseline node_modules/wp2 -DCMAKE_TOOLCHAIN_FILE=/emsdk/upstream/emscripten/cmake/Modules/Platform/Emscripten.cmake -DCMAKE_CROSSCOMPILING_EMULATOR=/emsdk/node/22.16.0_64bit/bin/node in directory /src
[0mCMake Deprecation Warning at CMakeLists.txt:17 (cmake_minimum_required):
  Compatibility with CMake < 3.5 will be removed from a future version of
  CMake.

  Update the VERSION argument <min> value or use a ...<max> suffix to tell
  CMake that the project does not need compatibility with older versions.

[0m
emcmake cmake \
	 \
	-DWP2_BUILD_TESTS=0 \
	-DWP2_BUILD_EXAMPLES=0 \
	-DWP2_BUILD_EXTRAS=0 \
	-DWP2_REDUCED=1 \
	-B node_modules/wp2/build/mt \
	node_modules/wp2
-- Disabling __SSE4_2__ optimization.
-- Disabling __SSE4_2__ optimization.
-- Performing Test HAS_COMPILE_FLAG
emcmake: cmake -DWP2_BUILD_TESTS=0 -DWP2_BUILD_EXAMPLES=0 -DWP2_BUILD_EXTRAS=0 -DWP2_REDUCED=1 -B node_modules/wp2/build/mt node_modules/wp2 -DCMAKE_TOOLCHAIN_FILE=/emsdk/upstream/emscripten/cmake/Modules/Platform/Emscripten.cmake -DCMAKE_CROSSCOMPILING_EMULATOR=/emsdk/node/22.16.0_64bit/bin/node in directory /src
[0mCMake Deprecation Warning at CMakeLists.txt:17 (cmake_minimum_required):
  Compatibility with CMake < 3.5 will be removed from a future version of
  CMake.

  Update the VERSION argument <min> value or use a ...<max> suffix to tell
  CMake that the project does not need compatibility with older versions.

[0m
-- Performing Test HAS_COMPILE_FLAG - Failed
-- Disabling __ARM_NEON__ optimization.
-- Disabling __ARM_NEON__ optimization.
-- Looking for non-CMake WebP
-- Configuring done (3.8s)
-- Generating done (0.0s)
-- Build files have been written to: /src/node_modules/wp2/build/baseline
emcmake cmake \
	-DWP2_ENABLE_SIMD=1 \
	-DWP2_BUILD_TESTS=0 \
	-DWP2_BUILD_EXAMPLES=0 \
	-DWP2_BUILD_EXTRAS=0 \
	-DWP2_REDUCED=1 \
	-B node_modules/wp2/build/mt-simd \
	node_modules/wp2
emcmake: cmake -DWP2_ENABLE_SIMD=1 -DWP2_BUILD_TESTS=0 -DWP2_BUILD_EXAMPLES=0 -DWP2_BUILD_EXTRAS=0 -DWP2_REDUCED=1 -B node_modules/wp2/build/mt-simd node_modules/wp2 -DCMAKE_TOOLCHAIN_FILE=/emsdk/upstream/emscripten/cmake/Modules/Platform/Emscripten.cmake -DCMAKE_CROSSCOMPILING_EMULATOR=/emsdk/node/22.16.0_64bit/bin/node in directory /src
-- Disabling __SSE4_2__ optimization.
-- Disabling __SSE4_2__ optimization.
-- Performing Test HAS_COMPILE_FLAG
[0mCMake Deprecation Warning at CMakeLists.txt:17 (cmake_minimum_required):
  Compatibility with CMake < 3.5 will be removed from a future version of
  CMake.

  Update the VERSION argument <min> value or use a ...<max> suffix to tell
  CMake that the project does not need compatibility with older versions.

[0m
-- Performing Test HAS_COMPILE_FLAG - Failed
-- Disabling __ARM_NEON__ optimization.
-- Disabling __ARM_NEON__ optimization.
-- Performing Test CMAKE_HAVE_LIBC_PTHREAD
-- Performing Test WP2_HAVE_FLAG___SSE4_2__
-- Performing Test WP2_HAVE_FLAG___SSE4_2__ - Failed
-- Performing Test WP2_HAVE_FLAG___SSE4_2__
-- Performing Test CMAKE_HAVE_LIBC_PTHREAD - Success
-- Found Threads: TRUE  
-- Performing Test HAVE_PTHREAD_PRIO_INHERIT
-- Performing Test WP2_HAVE_FLAG___SSE4_2__ - Success
-- Performing Test CMAKE_HAVE_LIBC_PTHREAD
-- Performing Test HAVE_PTHREAD_PRIO_INHERIT - Success
-- Performing Test PTHREAD_CREATE_UNDETACHED
-- Performing Test CMAKE_HAVE_LIBC_PTHREAD - Success
-- Found Threads: TRUE  
-- Performing Test HAVE_PTHREAD_PRIO_INHERIT
-- Performing Test PTHREAD_CREATE_UNDETACHED - Success
-- Looking for non-CMake WebP
-- Configuring done (24.1s)
-- Generating done (0.1s)
-- Build files have been written to: /src/node_modules/wp2/build/mt
/emsdk/upstream/emscripten/em++ -c \
	-O3 -flto -std=c++17 \
	-I node_modules/wp2 \
	-o dec/wp2_dec.o \
	dec/wp2_dec.cpp
-- Performing Test HAVE_PTHREAD_PRIO_INHERIT - Success
-- Performing Test PTHREAD_CREATE_UNDETACHED
make -C node_modules/wp2/build/baseline
make[1]: Entering directory '/src/node_modules/wp2/build/baseline'
make[2]: Entering directory '/src/node_modules/wp2/build/baseline'
make[3]: Entering directory '/src/node_modules/wp2/build/baseline'
make[3]: Leaving directory '/src/node_modules/wp2/build/baseline'
make[3]: Entering directory '/src/node_modules/wp2/build/baseline'
[  1%] [32mBuilding CXX object CMakeFiles/wp2_dsp.dir/src/dsp/alpha.cc.o[0m
[  2%] [32mBuilding CXX object CMakeFiles/wp2_dsp.dir/src/dsp/ans_dsp.cc.o[0m
[  2%] [32mBuilding CXX object CMakeFiles/wp2_dsp.dir/src/dsp/argb_converter.cc.o[0m
[  3%] [32mBuilding CXX object CMakeFiles/wp2_dsp.dir/src/dsp/cpu.cc.o[0m
[  4%] [32mBuilding CXX object CMakeFiles/wp2_dsp.dir/src/dsp/cdef_dsp.cc.o[0m
[  4%] [32mBuilding CXX object CMakeFiles/wp2_dsp.dir/src/dsp/csp_dsp.cc.o[0m
-- Performing Test PTHREAD_CREATE_UNDETACHED - Success
-- Looking for non-CMake WebP
-- Configuring done (30.6s)
-- Generating done (0.1s)
-- Build files have been written to: /src/node_modules/wp2/build/mt-simd
make[3]: Entering directory '/src/node_modules/wp2/build/baseline'
make[3]: Leaving directory '/src/node_modules/wp2/build/baseline'
make[3]: Entering directory '/src/node_modules/wp2/build/baseline'
[  5%] [32mBuilding CXX object CMakeFiles/wp2_ans.dir/src/utils/ans.cc.o[0m
[  6%] [32mBuilding CXX object CMakeFiles/wp2_dsp.dir/src/dsp/deblocking_filter_dsp.cc.o[0m
[  7%] [32mBuilding CXX object CMakeFiles/wp2_dsp.dir/src/dsp/dec_dsp.cc.o[0m
[  7%] [32mBuilding CXX object CMakeFiles/wp2_dsp.dir/src/dsp/enc_dsp.cc.o[0m
[  8%] [32mBuilding CXX object CMakeFiles/wp2_dsp.dir/src/dsp/raster_dsp.cc.o[0m
[  9%] [32mBuilding CXX object CMakeFiles/wp2_ans.dir/src/utils/ans_cost_table.cc.o[0m
[ 10%] [32mBuilding CXX object CMakeFiles/wp2_dsp.dir/src/dsp/grain_c.cc.o[0m
[ 10%] [32mBuilding CXX object CMakeFiles/wp2_ans.dir/src/utils/ans_utils.cc.o[0m
[ 10%] [32mBuilding CXX object CMakeFiles/wp2_dsp.dir/src/dsp/intra_c.cc.o[0m
[ 11%] [32mBuilding CXX object CMakeFiles/wp2_dsp.dir/src/dsp/math.cc.o[0m
make[3]: Leaving directory '/src/node_modules/wp2/build/baseline'
[ 11%] Built target wp2_ans
[ 12%] [32mBuilding CXX object CMakeFiles/wp2_dsp.dir/src/dsp/ssim_dsp.cc.o[0m
[ 12%] [32mBuilding CXX object CMakeFiles/wp2_dsp.dir/src/dsp/quant_c.cc.o[0m
make -C node_modules/wp2/build/mt
make[1]: Entering directory '/src/node_modules/wp2/build/mt'
make[2]: Entering directory '/src/node_modules/wp2/build/mt'
make[3]: Entering directory '/src/node_modules/wp2/build/mt'
make[3]: Leaving directory '/src/node_modules/wp2/build/mt'
make[3]: Entering directory '/src/node_modules/wp2/build/mt'
[  1%] [32mBuilding CXX object CMakeFiles/wp2_dsp.dir/src/dsp/alpha.cc.o[0m
[ 13%] [32mBuilding CXX object CMakeFiles/wp2_dsp.dir/src/dsp/quant_sse.cc.o[0m
[  2%] [32mBuilding CXX object CMakeFiles/wp2_dsp.dir/src/dsp/ans_dsp.cc.o[0m
[ 14%] [32mBuilding CXX object CMakeFiles/wp2_dsp.dir/src/dsp/score_dsp.cc.o[0m
[  2%] [32mBuilding CXX object CMakeFiles/wp2_dsp.dir/src/dsp/argb_converter.cc.o[0m
[  3%] [32mBuilding CXX object CMakeFiles/wp2_dsp.dir/src/dsp/cpu.cc.o[0m
[ 14%] [32mBuilding CXX object CMakeFiles/wp2_dsp.dir/src/dsp/transf_c.cc.o[0m
[  4%] [32mBuilding CXX object CMakeFiles/wp2_dsp.dir/src/dsp/cdef_dsp.cc.o[0m
[  4%] [32mBuilding CXX object CMakeFiles/wp2_dsp.dir/src/dsp/csp_dsp.cc.o[0m
[ 15%] [32mBuilding CXX object CMakeFiles/wp2_dsp.dir/src/dsp/transf_sse.cc.o[0m
[  5%] [32mBuilding CXX object CMakeFiles/wp2_dsp.dir/src/dsp/deblocking_filter_dsp.cc.o[0m
[ 16%] [32mBuilding CXX object CMakeFiles/wp2_dsp.dir/src/dsp/wiener_dsp.cc.o[0m
[  6%] [32mBuilding CXX object CMakeFiles/wp2_dsp.dir/src/dsp/dec_dsp.cc.o[0m
[  6%] [32mBuilding CXX object CMakeFiles/wp2_dsp.dir/src/dsp/enc_dsp.cc.o[0m
[  7%] [32mBuilding CXX object CMakeFiles/wp2_dsp.dir/src/dsp/raster_dsp.cc.o[0m
[ 16%] [32mBuilding CXX object CMakeFiles/wp2_dsp.dir/src/dsp/lossless/decl_dsp.cc.o[0m
[  8%] [32mBuilding CXX object CMakeFiles/wp2_dsp.dir/src/dsp/grain_c.cc.o[0m
[  8%] [32mBuilding CXX object CMakeFiles/wp2_dsp.dir/src/dsp/intra_c.cc.o[0m
[ 17%] [32mBuilding CXX object CMakeFiles/wp2_dsp.dir/src/dsp/lossless/dspl.cc.o[0m
[  9%] [32mBuilding CXX object CMakeFiles/wp2_dsp.dir/src/dsp/math.cc.o[0m
[ 18%] [32mBuilding CXX object CMakeFiles/wp2_dsp.dir/src/dsp/lossless/encl_dsp.cc.o[0m
make[3]: Leaving directory '/src/node_modules/wp2/build/baseline'
[ 18%] Built target wp2_dsp
make[3]: Entering directory '/src/node_modules/wp2/build/baseline'
make[3]: Leaving directory '/src/node_modules/wp2/build/baseline'
make[3]: Entering directory '/src/node_modules/wp2/build/baseline'
[ 19%] [32mBuilding CXX object CMakeFiles/wp2_preview.dir/src/common/preview/preview.cc.o[0m
[ 10%] [32mBuilding CXX object CMakeFiles/wp2_dsp.dir/src/dsp/ssim_dsp.cc.o[0m
[ 10%] [32mBuilding CXX object CMakeFiles/wp2_dsp.dir/src/dsp/quant_c.cc.o[0m
[ 11%] [32mBuilding CXX object CMakeFiles/wp2_dsp.dir/src/dsp/quant_sse.cc.o[0m
[ 19%] [32mBuilding CXX object CMakeFiles/wp2_preview.dir/src/common/preview/preview_rasterizer.cc.o[0m
[ 12%] [32mBuilding CXX object CMakeFiles/wp2_dsp.dir/src/dsp/score_dsp.cc.o[0m
[ 20%] [32mBuilding CXX object CMakeFiles/wp2_preview.dir/src/dec/preview/preview_dec.cc.o[0m
[ 12%] [32mBuilding CXX object CMakeFiles/wp2_dsp.dir/src/dsp/transf_c.cc.o[0m
[ 21%] [32mBuilding CXX object CMakeFiles/wp2_preview.dir/src/enc/preview/preview_analysis.cc.o[0m
[ 13%] [32mBuilding CXX object CMakeFiles/wp2_dsp.dir/src/dsp/transf_sse.cc.o[0m
[ 14%] [32mBuilding CXX object CMakeFiles/wp2_dsp.dir/src/dsp/wiener_dsp.cc.o[0m
[ 21%] [32mBuilding CXX object CMakeFiles/wp2_preview.dir/src/enc/preview/preview_color.cc.o[0m
[ 14%] [32mBuilding CXX object CMakeFiles/wp2_dsp.dir/src/dsp/lossless/decl_dsp.cc.o[0m
[ 22%] [32mBuilding CXX object CMakeFiles/wp2_preview.dir/src/enc/preview/preview_config.cc.o[0m
[ 15%] [32mBuilding CXX object CMakeFiles/wp2_dsp.dir/src/dsp/lossless/dspl.cc.o[0m
[ 23%] [32mBuilding CXX object CMakeFiles/wp2_preview.dir/src/enc/preview/preview_enc.cc.o[0m
[ 16%] [32mBuilding CXX object CMakeFiles/wp2_dsp.dir/src/dsp/lossless/encl_dsp.cc.o[0m
make[3]: Leaving directory '/src/node_modules/wp2/build/mt'
[ 16%] Built target wp2_dsp
make[3]: Entering directory '/src/node_modules/wp2/build/mt'
make[3]: Leaving directory '/src/node_modules/wp2/build/mt'
make[3]: Entering directory '/src/node_modules/wp2/build/mt'
[ 17%] [32mBuilding CXX object CMakeFiles/wp2_ans.dir/src/utils/ans.cc.o[0m
[ 23%] [32mBuilding CXX object CMakeFiles/wp2_preview.dir/src/enc/preview/preview_opt.cc.o[0m
[ 18%] [32mBuilding CXX object CMakeFiles/wp2_ans.dir/src/utils/ans_cost_table.cc.o[0m
make[3]: Leaving directory '/src/node_modules/wp2/build/baseline'
[ 23%] Built target wp2_preview
make[3]: Entering directory '/src/node_modules/wp2/build/baseline'
make[3]: Leaving directory '/src/node_modules/wp2/build/baseline'
make[3]: Entering directory '/src/node_modules/wp2/build/baseline'
[ 24%] [32mBuilding CXX object CMakeFiles/wp2_utils.dir/src/common/global_params.cc.o[0m
[ 18%] [32mBuilding CXX object CMakeFiles/wp2_ans.dir/src/utils/ans_utils.cc.o[0m
[ 25%] [32mBuilding CXX object CMakeFiles/wp2_utils.dir/src/common/header_enc_dec.cc.o[0m
make[3]: Leaving directory '/src/node_modules/wp2/build/mt'
[ 18%] Built target wp2_ans
make[3]: Entering directory '/src/node_modules/wp2/build/mt'
make[3]: Leaving directory '/src/node_modules/wp2/build/mt'
make[3]: Entering directory '/src/node_modules/wp2/build/mt'
[ 19%] [32mBuilding CXX object CMakeFiles/wp2_preview.dir/src/common/preview/preview.cc.o[0m
[ 25%] [32mBuilding CXX object CMakeFiles/wp2_utils.dir/src/common/integral.cc.o[0m
[ 19%] [32mBuilding CXX object CMakeFiles/wp2_preview.dir/src/common/preview/preview_rasterizer.cc.o[0m
[ 26%] [32mBuilding CXX object CMakeFiles/wp2_utils.dir/src/common/progress_watcher.cc.o[0m
[ 20%] [32mBuilding CXX object CMakeFiles/wp2_preview.dir/src/dec/preview/preview_dec.cc.o[0m
[ 27%] [32mBuilding CXX object CMakeFiles/wp2_utils.dir/src/utils/argb_buffer.cc.o[0m
[ 27%] [32mBuilding CXX object CMakeFiles/wp2_utils.dir/src/utils/context_switch.cc.o[0m
[ 21%] [32mBuilding CXX object CMakeFiles/wp2_preview.dir/src/enc/preview/preview_analysis.cc.o[0m
[ 28%] [32mBuilding CXX object CMakeFiles/wp2_utils.dir/src/utils/csp.cc.o[0m
[ 29%] [32mBuilding CXX object CMakeFiles/wp2_utils.dir/src/utils/data.cc.o[0m
[ 21%] [32mBuilding CXX object CMakeFiles/wp2_preview.dir/src/enc/preview/preview_color.cc.o[0m
[ 29%] [32mBuilding CXX object CMakeFiles/wp2_utils.dir/src/utils/data_source.cc.o[0m
[ 30%] [32mBuilding CXX object CMakeFiles/wp2_utils.dir/src/utils/data_source_context.cc.o[0m
[ 22%] [32mBuilding CXX object CMakeFiles/wp2_preview.dir/src/enc/preview/preview_config.cc.o[0m
[ 31%] [32mBuilding CXX object CMakeFiles/wp2_utils.dir/src/utils/data_source_stream.cc.o[0m
[ 23%] [32mBuilding CXX object CMakeFiles/wp2_preview.dir/src/enc/preview/preview_enc.cc.o[0m
[ 31%] [32mBuilding CXX object CMakeFiles/wp2_utils.dir/src/utils/front_mgr.cc.o[0m
[ 32%] [32mBuilding CXX object CMakeFiles/wp2_utils.dir/src/utils/memory.cc.o[0m
[ 23%] [32mBuilding CXX object CMakeFiles/wp2_preview.dir/src/enc/preview/preview_opt.cc.o[0m
[ 33%] [32mBuilding CXX object CMakeFiles/wp2_utils.dir/src/utils/orientation.cc.o[0m
make[3]: Leaving directory '/src/node_modules/wp2/build/mt'
[ 23%] Built target wp2_preview
make[3]: Entering directory '/src/node_modules/wp2/build/mt'
make[3]: Leaving directory '/src/node_modules/wp2/build/mt'
make[3]: Entering directory '/src/node_modules/wp2/build/mt'
[ 24%] [32mBuilding CXX object CMakeFiles/wp2_utils.dir/src/common/global_params.cc.o[0m
[ 33%] [32mBuilding CXX object CMakeFiles/wp2_utils.dir/src/utils/plane.cc.o[0m
[ 25%] [32mBuilding CXX object CMakeFiles/wp2_utils.dir/src/common/header_enc_dec.cc.o[0m
[ 34%] [32mBuilding CXX object CMakeFiles/wp2_utils.dir/src/utils/quantizer.cc.o[0m
[ 25%] [32mBuilding CXX object CMakeFiles/wp2_utils.dir/src/common/integral.cc.o[0m
[ 35%] [32mBuilding CXX object CMakeFiles/wp2_utils.dir/src/utils/status.cc.o[0m
[ 26%] [32mBuilding CXX object CMakeFiles/wp2_utils.dir/src/common/progress_watcher.cc.o[0m
[ 35%] [32mBuilding CXX object CMakeFiles/wp2_utils.dir/src/utils/thread_utils.cc.o[0m
[ 27%] [32mBuilding CXX object CMakeFiles/wp2_utils.dir/src/utils/argb_buffer.cc.o[0m
[ 36%] [32mBuilding CXX object CMakeFiles/wp2_utils.dir/src/utils/utils.cc.o[0m
[ 27%] [32mBuilding CXX object CMakeFiles/wp2_utils.dir/src/utils/context_switch.cc.o[0m
[ 28%] [32mBuilding CXX object CMakeFiles/wp2_utils.dir/src/utils/csp.cc.o[0m
[ 37%] [32mBuilding CXX object CMakeFiles/wp2_utils.dir/src/utils/wiener.cc.o[0m
make[3]: Leaving directory '/src/node_modules/wp2/build/baseline'
[ 37%] Built target wp2_utils
make[3]: Entering directory '/src/node_modules/wp2/build/baseline'
make[3]: Leaving directory '/src/node_modules/wp2/build/baseline'
make[3]: Entering directory '/src/node_modules/wp2/build/baseline'
[ 37%] [32mBuilding CXX object CMakeFiles/wp2_enc_dec.dir/src/dec/symbols_dec.cc.o[0m
[ 29%] [32mBuilding CXX object CMakeFiles/wp2_utils.dir/src/utils/data.cc.o[0m
[ 38%] [32mBuilding CXX object CMakeFiles/wp2_enc_dec.dir/src/enc/symbols_enc.cc.o[0m
[ 29%] [32mBuilding CXX object CMakeFiles/wp2_utils.dir/src/utils/data_source.cc.o[0m
[ 30%] [32mBuilding CXX object CMakeFiles/wp2_utils.dir/src/utils/data_source_context.cc.o[0m
[ 31%] [32mBuilding CXX object CMakeFiles/wp2_utils.dir/src/utils/data_source_stream.cc.o[0m
[ 39%] [32mBuilding CXX object CMakeFiles/wp2_enc_dec.dir/src/dec/icc_dec.cc.o[0m
[ 31%] [32mBuilding CXX object CMakeFiles/wp2_utils.dir/src/utils/front_mgr.cc.o[0m
[ 39%] [32mBuilding CXX object CMakeFiles/wp2_enc_dec.dir/src/dec/incr/decoder_api.cc.o[0m
[ 32%] [32mBuilding CXX object CMakeFiles/wp2_utils.dir/src/utils/memory.cc.o[0m
[ 40%] [32mBuilding CXX object CMakeFiles/wp2_enc_dec.dir/src/dec/incr/decoder_context.cc.o[0m
[ 33%] [32mBuilding CXX object CMakeFiles/wp2_utils.dir/src/utils/orientation.cc.o[0m
[ 41%] [32mBuilding CXX object CMakeFiles/wp2_enc_dec.dir/src/dec/incr/decoder_info.cc.o[0m
[ 33%] [32mBuilding CXX object CMakeFiles/wp2_utils.dir/src/utils/plane.cc.o[0m
[ 41%] [32mBuilding CXX object CMakeFiles/wp2_enc_dec.dir/src/dec/incr/decoder_skip.cc.o[0m
[ 34%] [32mBuilding CXX object CMakeFiles/wp2_utils.dir/src/utils/quantizer.cc.o[0m
[ 42%] [32mBuilding CXX object CMakeFiles/wp2_enc_dec.dir/src/dec/incr/decoder_stages.cc.o[0m
[ 35%] [32mBuilding CXX object CMakeFiles/wp2_utils.dir/src/utils/status.cc.o[0m
[ 35%] [32mBuilding CXX object CMakeFiles/wp2_utils.dir/src/utils/thread_utils.cc.o[0m
[ 43%] [32mBuilding CXX object CMakeFiles/wp2_enc_dec.dir/src/dec/incr/decoder_state.cc.o[0m
[ 36%] [32mBuilding CXX object CMakeFiles/wp2_utils.dir/src/utils/utils.cc.o[0m
[ 43%] [32mBuilding CXX object CMakeFiles/wp2_enc_dec.dir/src/dec/incr/decoder_tiles.cc.o[0m
[ 37%] [32mBuilding CXX object CMakeFiles/wp2_utils.dir/src/utils/wiener.cc.o[0m
make[3]: Leaving directory '/src/node_modules/wp2/build/mt'
[ 37%] Built target wp2_utils
make[3]: Entering directory '/src/node_modules/wp2/build/mt'
make[3]: Leaving directory '/src/node_modules/wp2/build/mt'
make[3]: Entering directory '/src/node_modules/wp2/build/mt'
[ 37%] [32mBuilding CXX object CMakeFiles/wp2_enc_dec.dir/src/dec/symbols_dec.cc.o[0m
[ 44%] [32mBuilding CXX object CMakeFiles/wp2_enc_dec.dir/src/common/filters/rstr_flt_params.cc.o[0m
[ 45%] [32mBuilding CXX object CMakeFiles/wp2_enc_dec.dir/src/common/lossy/block.cc.o[0m
[ 38%] [32mBuilding CXX object CMakeFiles/wp2_enc_dec.dir/src/enc/symbols_enc.cc.o[0m
[1m/src/node_modules/wp2/src/common/lossy/block.cc:196:37: [0m[0;1;31merror: [0m[1margument 'context' of type 'int16_t[]' (aka 'short[]') with mismatched bound [-Werror,-Warray-parameter][0m
  196 |                             int16_t context[]) [0;34mconst[0m {[0m
      | [0;1;32m                                    ^
[0m[1m/src/node_modules/wp2/src/common/lossy/block.h:518:27: [0m[0;1;36mnote: [0mpreviously declared as 'int16_t[129]' (aka 'short[129]') here[0m
  518 |                   int16_t context[kMaxContextSize]) [0;34mconst[0m;[0m
      | [0;1;32m                          ^
[0m1 error generated.
make[3]: *** [CMakeFiles/wp2_enc_dec.dir/build.make:230: CMakeFiles/wp2_enc_dec.dir/src/common/lossy/block.cc.o] Error 1
make[3]: Leaving directory '/src/node_modules/wp2/build/baseline'
make[2]: *** [CMakeFiles/Makefile2:199: CMakeFiles/wp2_enc_dec.dir/all] Error 2
make[2]: Leaving directory '/src/node_modules/wp2/build/baseline'
make[1]: *** [Makefile:136: all] Error 2
make[1]: Leaving directory '/src/node_modules/wp2/build/baseline'
make: *** [Makefile:44: node_modules/wp2/build/baseline/libwebp2.a] Error 2
make: *** Waiting for unfinished jobs....
[ 39%] [32mBuilding CXX object CMakeFiles/wp2_enc_dec.dir/src/dec/icc_dec.cc.o[0m
[ 39%] [32mBuilding CXX object CMakeFiles/wp2_enc_dec.dir/src/dec/incr/decoder_api.cc.o[0m
[ 40%] [32mBuilding CXX object CMakeFiles/wp2_enc_dec.dir/src/dec/incr/decoder_context.cc.o[0m
[ 41%] [32mBuilding CXX object CMakeFiles/wp2_enc_dec.dir/src/dec/incr/decoder_info.cc.o[0m
[ 41%] [32mBuilding CXX object CMakeFiles/wp2_enc_dec.dir/src/dec/incr/decoder_skip.cc.o[0m
[ 42%] [32mBuilding CXX object CMakeFiles/wp2_enc_dec.dir/src/dec/incr/decoder_stages.cc.o[0m
[ 43%] [32mBuilding CXX object CMakeFiles/wp2_enc_dec.dir/src/dec/incr/decoder_state.cc.o[0m
[ 43%] [32mBuilding CXX object CMakeFiles/wp2_enc_dec.dir/src/dec/incr/decoder_tiles.cc.o[0m
[ 44%] [32mBuilding CXX object CMakeFiles/wp2_enc_dec.dir/src/common/filters/rstr_flt_params.cc.o[0m
[ 45%] [32mBuilding CXX object CMakeFiles/wp2_enc_dec.dir/src/common/lossy/block.cc.o[0m
[ 45%] [32mBuilding CXX object CMakeFiles/wp2_enc_dec.dir/src/common/lossy/block_size.cc.o[0m
[ 46%] [32mBuilding CXX object CMakeFiles/wp2_enc_dec.dir/src/common/lossy/block_size_io.cc.o[0m
[1m/src/node_modules/wp2/src/common/lossy/block.cc:196:37: [0m[0;1;31merror: [0m[1margument 'context' of type 'int16_t[]' (aka 'short[]') with mismatched bound [-Werror,-Warray-parameter][0m
  196 |                             int16_t context[]) [0;34mconst[0m {[0m
      | [0;1;32m                                    ^
[0m[1m/src/node_modules/wp2/src/common/lossy/block.h:518:27: [0m[0;1;36mnote: [0mpreviously declared as 'int16_t[129]' (aka 'short[129]') here[0m
  518 |                   int16_t context[kMaxContextSize]) [0;34mconst[0m;[0m
      | [0;1;32m                          ^
[0m1 error generated.
make[3]: *** [CMakeFiles/wp2_enc_dec.dir/build.make:230: CMakeFiles/wp2_enc_dec.dir/src/common/lossy/block.cc.o] Error 1
make[3]: *** Waiting for unfinished jobs....
make[3]: Leaving directory '/src/node_modules/wp2/build/mt'
make[2]: *** [CMakeFiles/Makefile2:199: CMakeFiles/wp2_enc_dec.dir/all] Error 2
make[2]: Leaving directory '/src/node_modules/wp2/build/mt'
make[1]: *** [Makefile:136: all] Error 2
make[1]: Leaving directory '/src/node_modules/wp2/build/mt'
make: *** [Makefile:44: node_modules/wp2/build/mt/libwebp2.a] Error 2
rm node_modules/wp2/build/mt/Makefile
